<?xml version="1.0" encoding="UTF-8" ?>
<testsuite errors="0" failures="5" hostname="DESKTOP-RKRLPOU" name="racetrack.RegistrationControllerTests" tests="8" time="3.123" timestamp="2017-06-29T06:55:52">
  <properties />
  <testcase classname="racetrack.RegistrationControllerTests" name="testIndex" time="1.144" />
  <testcase classname="racetrack.RegistrationControllerTests" name="testList" time="0.237" />
  <testcase classname="racetrack.RegistrationControllerTests" name="testCreate" time="0.216" />
  <testcase classname="racetrack.RegistrationControllerTests" name="testSave" time="0.168">
    <failure message="Assertion failed: &#xa;&#xa;assert response.redirectedUrl == &apos;/registration/show/1&apos;&#xa;       |        |             |&#xa;       |        null          false&#xa;       org.codehaus.groovy.grails.plugins.testing.GrailsMockHttpServletResponse@291d335e&#xa;" type="junit.framework.AssertionFailedError">junit.framework.AssertionFailedError: Assertion failed: 

assert response.redirectedUrl == &apos;/registration/show/1&apos;
       |        |             |
       |        null          false
       org.codehaus.groovy.grails.plugins.testing.GrailsMockHttpServletResponse@291d335e

	at racetrack.RegistrationControllerTests.testSave(RegistrationControllerTests.groovy:48)
</failure>
  </testcase>
  <testcase classname="racetrack.RegistrationControllerTests" name="testShow" time="0.18">
    <failure message="Assertion failed: &#xa;&#xa;assert registration.save() != null&#xa;       |            |      |&#xa;       null:null    null   false&#xa;" type="junit.framework.AssertionFailedError">junit.framework.AssertionFailedError: Assertion failed: 

assert registration.save() != null
       |            |      |
       null:null    null   false

	at racetrack.RegistrationControllerTests.testShow(RegistrationControllerTests.groovy:62)
</failure>
  </testcase>
  <testcase classname="racetrack.RegistrationControllerTests" name="testEdit" time="0.343">
    <failure message="Assertion failed: &#xa;&#xa;assert registration.save() != null&#xa;       |            |      |&#xa;       null:null    null   false&#xa;" type="junit.framework.AssertionFailedError">junit.framework.AssertionFailedError: Assertion failed: 

assert registration.save() != null
       |            |      |
       null:null    null   false

	at racetrack.RegistrationControllerTests.testEdit(RegistrationControllerTests.groovy:80)
</failure>
  </testcase>
  <testcase classname="racetrack.RegistrationControllerTests" name="testUpdate" time="0.304">
    <failure message="Assertion failed: &#xa;&#xa;assert registration.save() != null&#xa;       |            |      |&#xa;       null:null    null   false&#xa;" type="junit.framework.AssertionFailedError">junit.framework.AssertionFailedError: Assertion failed: 

assert registration.save() != null
       |            |      |
       null:null    null   false

	at racetrack.RegistrationControllerTests.testUpdate(RegistrationControllerTests.groovy:100)
</failure>
  </testcase>
  <testcase classname="racetrack.RegistrationControllerTests" name="testDelete" time="0.18">
    <failure message="Assertion failed: &#xa;&#xa;assert registration.save() != null&#xa;       |            |      |&#xa;       null:null    null   false&#xa;" type="junit.framework.AssertionFailedError">junit.framework.AssertionFailedError: Assertion failed: 

assert registration.save() != null
       |            |      |
       null:null    null   false

	at racetrack.RegistrationControllerTests.testDelete(RegistrationControllerTests.groovy:144)
</failure>
  </testcase>
  <system-out><![CDATA[--Output from testIndex--
--Output from testList--
--Output from testCreate--
--Output from testSave--
--Output from testShow--
--Output from testEdit--
--Output from testUpdate--
--Output from testDelete--
]]></system-out>
  <system-err><![CDATA[--Output from testIndex--
--Output from testList--
--Output from testCreate--
--Output from testSave--
--Output from testShow--
--Output from testEdit--
--Output from testUpdate--
--Output from testDelete--
]]></system-err>
</testsuite>
