Testsuite: racetrack.RegistrationControllerTests
Tests run: 8, Failures: 5, Errors: 0, Time elapsed: 3.123 sec
------------- Standard Output ---------------
--Output from testIndex--
--Output from testList--
--Output from testCreate--
--Output from testSave--
--Output from testShow--
--Output from testEdit--
--Output from testUpdate--
--Output from testDelete--
------------- ---------------- ---------------
------------- Standard Error -----------------
--Output from testIndex--
--Output from testList--
--Output from testCreate--
--Output from testSave--
--Output from testShow--
--Output from testEdit--
--Output from testUpdate--
--Output from testDelete--
------------- ---------------- ---------------

Testcase: testIndex took 1.144 sec
Testcase: testList took 0.237 sec
Testcase: testCreate took 0.216 sec
Testcase: testSave took 0.168 sec
	FAILED
Assertion failed: 

assert response.redirectedUrl == '/registration/show/1'
       |        |             |
       |        null          false
       org.codehaus.groovy.grails.plugins.testing.GrailsMockHttpServletResponse@291d335e

junit.framework.AssertionFailedError: Assertion failed: 

assert response.redirectedUrl == '/registration/show/1'
       |        |             |
       |        null          false
       org.codehaus.groovy.grails.plugins.testing.GrailsMockHttpServletResponse@291d335e

	at racetrack.RegistrationControllerTests.testSave(RegistrationControllerTests.groovy:48)

Testcase: testShow took 0.18 sec
	FAILED
Assertion failed: 

assert registration.save() != null
       |            |      |
       null:null    null   false

junit.framework.AssertionFailedError: Assertion failed: 

assert registration.save() != null
       |            |      |
       null:null    null   false

	at racetrack.RegistrationControllerTests.testShow(RegistrationControllerTests.groovy:62)

Testcase: testEdit took 0.343 sec
	FAILED
Assertion failed: 

assert registration.save() != null
       |            |      |
       null:null    null   false

junit.framework.AssertionFailedError: Assertion failed: 

assert registration.save() != null
       |            |      |
       null:null    null   false

	at racetrack.RegistrationControllerTests.testEdit(RegistrationControllerTests.groovy:80)

Testcase: testUpdate took 0.303 sec
	FAILED
Assertion failed: 

assert registration.save() != null
       |            |      |
       null:null    null   false

junit.framework.AssertionFailedError: Assertion failed: 

assert registration.save() != null
       |            |      |
       null:null    null   false

	at racetrack.RegistrationControllerTests.testUpdate(RegistrationControllerTests.groovy:100)

Testcase: testDelete took 0.179 sec
	FAILED
Assertion failed: 

assert registration.save() != null
       |            |      |
       null:null    null   false

junit.framework.AssertionFailedError: Assertion failed: 

assert registration.save() != null
       |            |      |
       null:null    null   false

	at racetrack.RegistrationControllerTests.testDelete(RegistrationControllerTests.groovy:144)

